<?xml version="1.0" encoding="UTF-8"?>
<!-- Generated by org.testng.reporters.JUnitXMLReporter -->
<testsuite ignored="1" hostname="DESKTOP-OAJVON3" failures="0" tests="1" name="Default test" time="7.185" errors="0" timestamp="2024-02-05T17:17:34 IST">
  <testcase classname="com.hrm.qa.testcases.DashboardPageTest" name="checkTimeAtWork" time="0.423"/>
  <testcase classname="com.hrm.qa.testcases.DashboardPageTest" name="navigateLeaveRequestToApprove" time="0.0">
    <ignored/>
  </testcase> <!-- navigateLeaveRequestToApprove -->
</testsuite> <!-- Default test -->
