<?xml version="1.0" encoding="UTF-8"?>
<testng-results ignored="0" total="1" passed="1" failed="0" skipped="0">
  <reporter-output>
  </reporter-output>
  <suite started-at="2023-11-26T18:55:31 IST" name="Default suite" finished-at="2023-11-26T18:55:42 IST" duration-ms="10477">
    <groups>
    </groups>
    <test started-at="2023-11-26T18:55:31 IST" name="Default test" finished-at="2023-11-26T18:55:42 IST" duration-ms="10477">
      <class name="com.hrm.qa.testcases.LoginPageTest">
        <test-method is-config="true" signature="setUp()[pri:0, instance:com.hrm.qa.testcases.LoginPageTest@53fe15ff]" started-at="2023-11-26T18:55:31 IST" name="setUp" finished-at="2023-11-26T18:55:38 IST" duration-ms="6538" status="PASS">
          <reporter-output>
          </reporter-output>
        </test-method> <!-- setUp -->
        <test-method signature="loginCheck()[pri:3, instance:com.hrm.qa.testcases.LoginPageTest@53fe15ff]" started-at="2023-11-26T18:55:38 IST" name="loginCheck" finished-at="2023-11-26T18:55:39 IST" duration-ms="777" status="PASS">
          <reporter-output>
          </reporter-output>
        </test-method> <!-- loginCheck -->
        <test-method is-config="true" signature="end()[pri:0, instance:com.hrm.qa.testcases.LoginPageTest@53fe15ff]" started-at="2023-11-26T18:55:39 IST" name="end" finished-at="2023-11-26T18:55:42 IST" duration-ms="3123" status="PASS">
          <reporter-output>
          </reporter-output>
        </test-method> <!-- end -->
      </class> <!-- com.hrm.qa.testcases.LoginPageTest -->
    </test> <!-- Default test -->
  </suite> <!-- Default suite -->
</testng-results>
