<?xml version="1.0" encoding="UTF-8"?>
<testng-results ignored="0" total="1" passed="1" failed="0" skipped="0">
  <reporter-output>
  </reporter-output>
  <suite started-at="2023-11-27T22:32:51 IST" name="Default suite" finished-at="2023-11-27T22:33:02 IST" duration-ms="10451">
    <groups>
    </groups>
    <test started-at="2023-11-27T22:32:51 IST" name="Default test" finished-at="2023-11-27T22:33:02 IST" duration-ms="10451">
      <class name="com.hrm.qa.testcases.DashboardPageTest">
        <test-method is-config="true" signature="setUp()[pri:0, instance:com.hrm.qa.testcases.DashboardPageTest@76a4ebf2]" started-at="2023-11-27T22:32:51 IST" name="setUp" finished-at="2023-11-27T22:32:58 IST" duration-ms="7128" status="PASS">
          <reporter-output>
          </reporter-output>
        </test-method> <!-- setUp -->
        <test-method signature="navigateLeaveRequestToApprove()[pri:2, instance:com.hrm.qa.testcases.DashboardPageTest@76a4ebf2]" started-at="2023-11-27T22:32:58 IST" name="navigateLeaveRequestToApprove" finished-at="2023-11-27T22:33:02 IST" duration-ms="3161" status="PASS">
          <reporter-output>
          </reporter-output>
        </test-method> <!-- navigateLeaveRequestToApprove -->
        <test-method is-config="true" signature="teardown()[pri:0, instance:com.hrm.qa.testcases.DashboardPageTest@76a4ebf2]" started-at="2023-11-27T22:33:02 IST" name="teardown" finished-at="2023-11-27T22:33:02 IST" duration-ms="121" status="PASS">
          <reporter-output>
          </reporter-output>
        </test-method> <!-- teardown -->
      </class> <!-- com.hrm.qa.testcases.DashboardPageTest -->
    </test> <!-- Default test -->
  </suite> <!-- Default suite -->
</testng-results>
